<?xml version="1.0" encoding="UTF-8"?>
<!-- Generated by org.testng.reporters.JUnitXMLReporter -->
<testsuite hostname="01HW901285" name="Test" tests="4" failures="0" timestamp="13 Jul 2017 14:49:38 GMT" time="0.64" errors="0">
  <testcase name="@BeforeClass launchChrome" time="0.0" classname="rhb.RhbTest">
    <failure type="org.openqa.selenium.WebDriverException" message="ERROR running Appium command: Cannot read property &amp;apos;removeAllListeners&amp;apos; of null
Command duration or timeout: 198 milliseconds
Build info: version: &amp;apos;2.48.2&amp;apos;, revision: &amp;apos;41bccdd10cf2c0560f637404c2d96164b67d9d67&amp;apos;, time: &amp;apos;2015-10-09 13:08:06&amp;apos;
System info: host: &amp;apos;01HW901285&amp;apos;, ip: &amp;apos;10.18.11.119&amp;apos;, os.name: &amp;apos;Windows 7&amp;apos;, os.arch: &amp;apos;amd64&amp;apos;, os.version: &amp;apos;6.1&amp;apos;, java.version: &amp;apos;1.8.0_25&amp;apos;
Driver info: org.openqa.selenium.remote.RemoteWebDriver">
      <![CDATA[org.openqa.selenium.WebDriverException: ERROR running Appium command: Cannot read property 'removeAllListeners' of null
Command duration or timeout: 198 milliseconds
Build info: version: '2.48.2', revision: '41bccdd10cf2c0560f637404c2d96164b67d9d67', time: '2015-10-09 13:08:06'
System info: host: '01HW901285', ip: '10.18.11.119', os.name: 'Windows 7', os.arch: 'amd64', os.version: '6.1', java.version: '1.8.0_25'
Driver info: org.openqa.selenium.remote.RemoteWebDriver
	at org.openqa.selenium.remote.ErrorHandler.createThrowable(ErrorHandler.java:206)
	at org.openqa.selenium.remote.ErrorHandler.throwIfResponseFailed(ErrorHandler.java:158)
	at org.openqa.selenium.remote.RemoteWebDriver.execute(RemoteWebDriver.java:647)
	at org.openqa.selenium.remote.RemoteWebDriver.startSession(RemoteWebDriver.java:247)
	at org.openqa.selenium.remote.RemoteWebDriver.<init>(RemoteWebDriver.java:129)
	at org.openqa.selenium.remote.RemoteWebDriver.<init>(RemoteWebDriver.java:156)
	at rhb.RhbTest.launchChrome(RhbTest.java:35)
... Removed 28 stack frames]]>
    </failure>
  </testcase> <!-- @BeforeClass launchChrome -->
  <testcase name="launchApplication" time="0.011" classname="rhb.RhbTest">
    <skipped/>
  </testcase> <!-- launchApplication -->
  <testcase name="homeLoanCalculator" time="0.003" classname="rhb.RhbTest">
    <skipped/>
  </testcase> <!-- homeLoanCalculator -->
  <testcase name="homeAffordabilityCalculator" time="0.003" classname="rhb.RhbTest">
    <skipped/>
  </testcase> <!-- homeAffordabilityCalculator -->
  <testcase name="investment" time="0.002" classname="rhb.RhbTest">
    <skipped/>
  </testcase> <!-- investment -->
</testsuite> <!-- Test -->
